--2024-11-09 19:56:53--  https://courses.edx.org/asset-v1:HarvardX+CS109xa+3T2023+type@asset+block/3_1_brain_tumor_training.png
Loaded CA certificate '/etc/ssl/certs/ca-certificates.crt'
Resolving courses.edx.org (courses.edx.org)... 104.16.190.80, 104.16.189.80, 104.16.191.80, ...
Connecting to courses.edx.org (courses.edx.org)|104.16.190.80|:443... connected.
HTTP request sent, awaiting response... 200 OK
Length: 603054 (589K) [image/png]
Saving to: ‘robExt-45D3A73EAF8A169C2CB5491802AC87D1.pdf-tmp’

     0K .......... .......... .......... .......... ..........  8%  512K 1s
    50K .......... .......... .......... .......... .......... 16%  489K 1s
   100K .......... .......... .......... .......... .......... 25% 5,00M 1s
   150K .......... .......... .......... .......... .......... 33% 10,4M 0s
   200K .......... .......... .......... .......... .......... 42%  480K 0s
   250K .......... .......... .......... .......... .......... 50% 5,15M 0s
   300K .......... .......... .......... .......... .......... 59% 15,6M 0s
   350K .......... .......... .......... .......... .......... 67% 5,82M 0s
   400K .......... .......... .......... .......... .......... 76%  556K 0s
   450K .......... .......... .......... .......... .......... 84% 4,55M 0s
   500K .......... .......... .......... .......... .......... 93% 7,51M 0s
   550K .......... .......... .......... ........             100% 21,9M=0,4s

2024-11-09 19:56:55 (1,28 MB/s) - ‘robExt-45D3A73EAF8A169C2CB5491802AC87D1.pdf-tmp’ saved [603054/603054]

