--2024-11-09 19:28:21--  https://courses.edx.org/asset-v1:HarvardX+CS109xa+3T2023+type@asset+block@3_1_boundary_Tree_Depth_Squares.png
Loaded CA certificate '/etc/ssl/certs/ca-certificates.crt'
Resolving courses.edx.org (courses.edx.org)... 104.16.190.80, 104.16.191.80, 104.16.193.80, ...
Connecting to courses.edx.org (courses.edx.org)|104.16.190.80|:443... connected.
HTTP request sent, awaiting response... 200 OK
Length: 997358 (974K) [image/png]
Saving to: ‘robExt-DA922C921C9EDAE5CAF7FCDC31BA7423.pdf-tmp’

     0K .......... .......... .......... .......... ..........  5%  413K 2s
    50K .......... .......... .......... .......... .......... 10%  481K 2s
   100K .......... .......... .......... .......... .......... 15% 5,72M 1s
   150K .......... .......... .......... .......... .......... 20%  481K 1s
   200K .......... .......... .......... .......... .......... 25% 4,95M 1s
   250K .......... .......... .......... .......... .......... 30% 9,61M 1s
   300K .......... .......... .......... .......... .......... 35%  534K 1s
   350K .......... .......... .......... .......... .......... 41% 4,91M 1s
   400K .......... .......... .......... .......... .......... 46% 6,62M 1s
   450K .......... .......... .......... .......... .......... 51% 5,36M 0s
   500K .......... .......... .......... .......... .......... 56% 6,43M 0s
   550K .......... .......... .......... .......... .......... 61% 4,20M 0s
   600K .......... .......... .......... .......... .......... 66% 4,68M 0s
   650K .......... .......... .......... .......... .......... 71%  894K 0s
   700K .......... .......... .......... .......... .......... 77% 6,18M 0s
   750K .......... .......... .......... .......... .......... 82% 4,17M 0s
   800K .......... .......... .......... .......... .......... 87% 9,38M 0s
   850K .......... .......... .......... .......... .......... 92% 5,65M 0s
   900K .......... .......... .......... .......... .......... 97% 6,12M 0s
   950K .......... .......... ...                             100% 16,3M=0,6s

2024-11-09 19:28:22 (1,58 MB/s) - ‘robExt-DA922C921C9EDAE5CAF7FCDC31BA7423.pdf-tmp’ saved [997358/997358]

