--2024-11-09 19:31:44--  https://courses.edx.org/asset-v1:HarvardX+CS109xa+3T2023+type@asset+block/bagging_md_img17_d100.png
Loaded CA certificate '/etc/ssl/certs/ca-certificates.crt'
Resolving courses.edx.org (courses.edx.org)... 104.16.192.80, 104.16.189.80, 104.16.191.80, ...
Connecting to courses.edx.org (courses.edx.org)|104.16.192.80|:443... connected.
HTTP request sent, awaiting response... 200 OK
Length: 730199 (713K) [image/png]
Saving to: ‘robExt-2DD56CF3FAEA5BD8B257EE7103ACD88B.pdf-tmp’

     0K .......... .......... .......... .......... ..........  7%  621K 1s
    50K .......... .......... .......... .......... .......... 14%  544K 1s
   100K .......... .......... .......... .......... .......... 21% 11,8M 1s
   150K .......... .......... .......... .......... .......... 28% 1,44M 1s
   200K .......... .......... .......... .......... .......... 35% 1,41M 0s
   250K .......... .......... .......... .......... .......... 42% 11,8M 0s
   300K .......... .......... .......... .......... .......... 49% 8,23M 0s
   350K .......... .......... .......... .......... .......... 56% 7,92M 0s
   400K .......... .......... .......... .......... .......... 63%  846K 0s
   450K .......... .......... .......... .......... .......... 70% 8,05M 0s
   500K .......... .......... .......... .......... .......... 77% 10,2M 0s
   550K .......... .......... .......... .......... .......... 84% 4,66M 0s
   600K .......... .......... .......... .......... .......... 91% 8,62M 0s
   650K .......... .......... .......... .......... .......... 98% 6,15M 0s
   700K .......... ...                                        100% 17,2M=0,4s

2024-11-09 19:31:45 (1,95 MB/s) - ‘robExt-2DD56CF3FAEA5BD8B257EE7103ACD88B.pdf-tmp’ saved [730199/730199]

